/lus/gila/projects/candle_aesp_CNDA/avasan/envs/sst_2024/lib/python3.9/site-packages/pandas/core/computation/expressions.py:21: UserWarning: Pandas requires version '2.8.4' or newer of 'numexpr' (version '2.7.3' currently installed).
  from pandas.core.computation.check import NUMEXPR_INSTALLED
2024-07-17 18:10:47.644376: I tensorflow/core/util/port.cc:113] oneDNN custom operations are on. You may see slightly different numerical results due to floating-point round-off errors from different computation orders. To turn them off, set the environment variable `TF_ENABLE_ONEDNN_OPTS=0`.
2024-07-17 18:10:48.149281: I external/local_tsl/tsl/cuda/cudart_stub.cc:31] Could not find cuda drivers on your machine, GPU will not be used.
2024-07-17 18:10:51.317197: E external/local_xla/xla/stream_executor/cuda/cuda_dnn.cc:9261] Unable to register cuDNN factory: Attempting to register factory for plugin cuDNN when one has already been registered
2024-07-17 18:10:51.321468: E external/local_xla/xla/stream_executor/cuda/cuda_fft.cc:607] Unable to register cuFFT factory: Attempting to register factory for plugin cuFFT when one has already been registered
2024-07-17 18:10:51.896380: E external/local_xla/xla/stream_executor/cuda/cuda_blas.cc:1515] Unable to register cuBLAS factory: Attempting to register factory for plugin cuBLAS when one has already been registered
2024-07-17 18:10:53.341998: I external/local_tsl/tsl/cuda/cudart_stub.cc:31] Could not find cuda drivers on your machine, GPU will not be used.
2024-07-17 18:10:53.379955: I tensorflow/core/platform/cpu_feature_guard.cc:182] This TensorFlow binary is optimized to use available CPU instructions in performance-critical operations.
To enable the following instructions: AVX2 AVX512F AVX512_VNNI AVX512_BF16 AVX_VNNI AMX_TILE AMX_INT8 AMX_BF16 FMA, in other operations, rebuild TensorFlow with the appropriate compiler flags.
2024-07-17 18:11:04.456635: W tensorflow/compiler/tf2tensorrt/utils/py_utils.cc:38] TF-TRT Warning: Could not find TensorRT
2024-07-17 18:11:38.076706: W external/local_tsl/tsl/lib/monitoring/collection_registry.cc:81] Trying to register 2 metrics with the same name: /tensorflow/core/bfc_allocator_delay. The old value will be erased in order to register a new one. Please check if you link the metric more than once, or if the name is already used by other metrics.
2024-07-17 18:11:38.116045: W external/local_tsl/tsl/lib/monitoring/collection_registry.cc:81] Trying to register 2 metrics with the same name: /xla/service/gpu/compiled_programs_count. The old value will be erased in order to register a new one. Please check if you link the metric more than once, or if the name is already used by other metrics.
2024-07-17 18:11:38.412721: W external/local_tsl/tsl/lib/monitoring/collection_registry.cc:81] Trying to register 2 metrics with the same name: /jax/pjrt/pjrt_executable_executions. The old value will be erased in order to register a new one. Please check if you link the metric more than once, or if the name is already used by other metrics.
2024-07-17 18:11:38.412745: W external/local_tsl/tsl/lib/monitoring/collection_registry.cc:81] Trying to register 2 metrics with the same name: /jax/pjrt/pjrt_executable_execution_time_usecs. The old value will be erased in order to register a new one. Please check if you link the metric more than once, or if the name is already used by other metrics.
2024-07-17 18:11:44.244227: I itex/core/wrapper/itex_gpu_wrapper.cc:38] Intel Extension for Tensorflow* GPU backend is loaded.
2024-07-17 18:11:44.273172: I external/local_xla/xla/pjrt/pjrt_api.cc:67] PJRT_Api is set for device type xpu
2024-07-17 18:11:44.273203: I external/local_xla/xla/pjrt/pjrt_api.cc:72] PJRT plugin for XPU has PJRT API version 0.33. The framework PJRT API version is 0.34.
2024-07-17 18:11:45.148968: I external/intel_xla/xla/stream_executor/sycl/sycl_gpu_runtime.cc:134] Selected platform: Intel(R) Level-Zero
2024-07-17 18:11:45.176703: I external/xla/xla/service/service.cc:168] XLA service 0x55942d2801b0 initialized for platform SYCL (this does not guarantee that XLA will be used). Devices:
2024-07-17 18:11:45.176754: I external/xla/xla/service/service.cc:176]   StreamExecutor device (0): Intel(R) Data Center GPU Max 1550, <undefined>
2024-07-17 18:11:45.176760: I external/xla/xla/service/service.cc:176]   StreamExecutor device (1): Intel(R) Data Center GPU Max 1550, <undefined>
2024-07-17 18:11:45.176764: I external/xla/xla/service/service.cc:176]   StreamExecutor device (2): Intel(R) Data Center GPU Max 1550, <undefined>
2024-07-17 18:11:45.176767: I external/xla/xla/service/service.cc:176]   StreamExecutor device (3): Intel(R) Data Center GPU Max 1550, <undefined>
2024-07-17 18:11:45.176771: I external/xla/xla/service/service.cc:176]   StreamExecutor device (4): Intel(R) Data Center GPU Max 1550, <undefined>
2024-07-17 18:11:45.176774: I external/xla/xla/service/service.cc:176]   StreamExecutor device (5): Intel(R) Data Center GPU Max 1550, <undefined>
2024-07-17 18:11:45.176778: I external/xla/xla/service/service.cc:176]   StreamExecutor device (6): Intel(R) Data Center GPU Max 1550, <undefined>
2024-07-17 18:11:45.176782: I external/xla/xla/service/service.cc:176]   StreamExecutor device (7): Intel(R) Data Center GPU Max 1550, <undefined>
2024-07-17 18:11:45.176785: I external/xla/xla/service/service.cc:176]   StreamExecutor device (8): Intel(R) Data Center GPU Max 1550, <undefined>
2024-07-17 18:11:45.176789: I external/xla/xla/service/service.cc:176]   StreamExecutor device (9): Intel(R) Data Center GPU Max 1550, <undefined>
2024-07-17 18:11:45.176793: I external/xla/xla/service/service.cc:176]   StreamExecutor device (10): Intel(R) Data Center GPU Max 1550, <undefined>
2024-07-17 18:11:45.176797: I external/xla/xla/service/service.cc:176]   StreamExecutor device (11): Intel(R) Data Center GPU Max 1550, <undefined>
2024-07-17 18:11:45.178421: I itex/core/devices/gpu/itex_gpu_runtime.cc:130] Selected platform: Intel(R) Level-Zero
2024-07-17 18:11:45.192065: I external/intel_xla/xla/pjrt/se_xpu_pjrt_client.cc:97] Using BFC allocator.
2024-07-17 18:11:45.192103: I external/xla/xla/pjrt/gpu/gpu_helpers.cc:106] XLA backend allocating 61847529062 bytes on device 0 for BFCAllocator.
2024-07-17 18:11:45.193474: I external/xla/xla/pjrt/gpu/gpu_helpers.cc:106] XLA backend allocating 61847529062 bytes on device 1 for BFCAllocator.
2024-07-17 18:11:45.193483: I external/xla/xla/pjrt/gpu/gpu_helpers.cc:106] XLA backend allocating 61847529062 bytes on device 2 for BFCAllocator.
2024-07-17 18:11:45.193488: I external/xla/xla/pjrt/gpu/gpu_helpers.cc:106] XLA backend allocating 61847529062 bytes on device 3 for BFCAllocator.
2024-07-17 18:11:45.193494: I external/xla/xla/pjrt/gpu/gpu_helpers.cc:106] XLA backend allocating 61847529062 bytes on device 4 for BFCAllocator.
2024-07-17 18:11:45.193499: I external/xla/xla/pjrt/gpu/gpu_helpers.cc:106] XLA backend allocating 61847529062 bytes on device 5 for BFCAllocator.
2024-07-17 18:11:45.193505: I external/xla/xla/pjrt/gpu/gpu_helpers.cc:106] XLA backend allocating 61847529062 bytes on device 6 for BFCAllocator.
2024-07-17 18:11:45.193512: I external/xla/xla/pjrt/gpu/gpu_helpers.cc:106] XLA backend allocating 61847529062 bytes on device 7 for BFCAllocator.
2024-07-17 18:11:45.193516: I external/xla/xla/pjrt/gpu/gpu_helpers.cc:106] XLA backend allocating 61847529062 bytes on device 8 for BFCAllocator.
2024-07-17 18:11:45.193524: I external/xla/xla/pjrt/gpu/gpu_helpers.cc:106] XLA backend allocating 61847529062 bytes on device 9 for BFCAllocator.
2024-07-17 18:11:45.193529: I external/xla/xla/pjrt/gpu/gpu_helpers.cc:106] XLA backend allocating 61847529062 bytes on device 10 for BFCAllocator.
2024-07-17 18:11:45.193535: I external/xla/xla/pjrt/gpu/gpu_helpers.cc:106] XLA backend allocating 61847529062 bytes on device 11 for BFCAllocator.
2024-07-17 18:11:45.294772: I external/local_xla/xla/pjrt/pjrt_c_api_client.cc:119] PjRtCApiClient created.
/lus/gila/projects/candle_aesp_CNDA/avasan/envs/sst_2024/lib/python3.9/site-packages/numpy/core/fromnumeric.py:57: FutureWarning: 'Series.swapaxes' is deprecated and will be removed in a future version. Please use 'Series.transpose' instead.
  return bound(*args, **kwds)
2024-07-17 18:14:54.406155: I tensorflow/core/common_runtime/next_pluggable_device/next_pluggable_device_factory.cc:118] Created 1 TensorFlow NextPluggableDevices. Physical device type: XPU
WARNING:tensorflow:`epsilon` argument is deprecated and will be removed, use `min_delta` instead.
2024-07-17 18:15:00.063556: I tensorflow/core/grappler/optimizers/custom_graph_optimizer_registry.cc:117] Plugin optimizer for device_type XPU is enabled.
