/lus/gila/projects/candle_aesp_CNDA/avasan/envs/sst_2024/lib/python3.9/site-packages/pandas/core/computation/expressions.py:21: UserWarning: Pandas requires version '2.8.4' or newer of 'numexpr' (version '2.7.3' currently installed).
  from pandas.core.computation.check import NUMEXPR_INSTALLED
2024-07-17 18:07:38.493227: I tensorflow/core/util/port.cc:113] oneDNN custom operations are on. You may see slightly different numerical results due to floating-point round-off errors from different computation orders. To turn them off, set the environment variable `TF_ENABLE_ONEDNN_OPTS=0`.
2024-07-17 18:07:39.700590: I external/local_tsl/tsl/cuda/cudart_stub.cc:31] Could not find cuda drivers on your machine, GPU will not be used.
2024-07-17 18:07:43.346530: E external/local_xla/xla/stream_executor/cuda/cuda_dnn.cc:9261] Unable to register cuDNN factory: Attempting to register factory for plugin cuDNN when one has already been registered
2024-07-17 18:07:43.368634: E external/local_xla/xla/stream_executor/cuda/cuda_fft.cc:607] Unable to register cuFFT factory: Attempting to register factory for plugin cuFFT when one has already been registered
2024-07-17 18:07:44.019982: E external/local_xla/xla/stream_executor/cuda/cuda_blas.cc:1515] Unable to register cuBLAS factory: Attempting to register factory for plugin cuBLAS when one has already been registered
2024-07-17 18:07:45.435580: I external/local_tsl/tsl/cuda/cudart_stub.cc:31] Could not find cuda drivers on your machine, GPU will not be used.
2024-07-17 18:07:45.462800: I tensorflow/core/platform/cpu_feature_guard.cc:182] This TensorFlow binary is optimized to use available CPU instructions in performance-critical operations.
To enable the following instructions: AVX2 AVX512F AVX512_VNNI AVX512_BF16 AVX_VNNI AMX_TILE AMX_INT8 AMX_BF16 FMA, in other operations, rebuild TensorFlow with the appropriate compiler flags.
2024-07-17 18:08:03.383303: W tensorflow/compiler/tf2tensorrt/utils/py_utils.cc:38] TF-TRT Warning: Could not find TensorRT
2024-07-17 18:08:53.089689: W external/local_tsl/tsl/lib/monitoring/collection_registry.cc:81] Trying to register 2 metrics with the same name: /tensorflow/core/bfc_allocator_delay. The old value will be erased in order to register a new one. Please check if you link the metric more than once, or if the name is already used by other metrics.
2024-07-17 18:08:53.184484: W external/local_tsl/tsl/lib/monitoring/collection_registry.cc:81] Trying to register 2 metrics with the same name: /xla/service/gpu/compiled_programs_count. The old value will be erased in order to register a new one. Please check if you link the metric more than once, or if the name is already used by other metrics.
2024-07-17 18:08:53.494821: W external/local_tsl/tsl/lib/monitoring/collection_registry.cc:81] Trying to register 2 metrics with the same name: /jax/pjrt/pjrt_executable_executions. The old value will be erased in order to register a new one. Please check if you link the metric more than once, or if the name is already used by other metrics.
2024-07-17 18:08:53.494850: W external/local_tsl/tsl/lib/monitoring/collection_registry.cc:81] Trying to register 2 metrics with the same name: /jax/pjrt/pjrt_executable_execution_time_usecs. The old value will be erased in order to register a new one. Please check if you link the metric more than once, or if the name is already used by other metrics.
2024-07-17 18:09:06.226218: I itex/core/wrapper/itex_gpu_wrapper.cc:38] Intel Extension for Tensorflow* GPU backend is loaded.
2024-07-17 18:09:06.246903: I external/local_xla/xla/pjrt/pjrt_api.cc:67] PJRT_Api is set for device type xpu
2024-07-17 18:09:06.246926: I external/local_xla/xla/pjrt/pjrt_api.cc:72] PJRT plugin for XPU has PJRT API version 0.33. The framework PJRT API version is 0.34.
2024-07-17 18:09:07.536138: I external/intel_xla/xla/stream_executor/sycl/sycl_gpu_runtime.cc:134] Selected platform: Intel(R) Level-Zero
2024-07-17 18:09:07.566836: I external/xla/xla/service/service.cc:168] XLA service 0x555a2d314dc0 initialized for platform SYCL (this does not guarantee that XLA will be used). Devices:
2024-07-17 18:09:07.566901: I external/xla/xla/service/service.cc:176]   StreamExecutor device (0): Intel(R) Data Center GPU Max 1550, <undefined>
2024-07-17 18:09:07.566907: I external/xla/xla/service/service.cc:176]   StreamExecutor device (1): Intel(R) Data Center GPU Max 1550, <undefined>
2024-07-17 18:09:07.566911: I external/xla/xla/service/service.cc:176]   StreamExecutor device (2): Intel(R) Data Center GPU Max 1550, <undefined>
2024-07-17 18:09:07.566915: I external/xla/xla/service/service.cc:176]   StreamExecutor device (3): Intel(R) Data Center GPU Max 1550, <undefined>
2024-07-17 18:09:07.566919: I external/xla/xla/service/service.cc:176]   StreamExecutor device (4): Intel(R) Data Center GPU Max 1550, <undefined>
2024-07-17 18:09:07.566922: I external/xla/xla/service/service.cc:176]   StreamExecutor device (5): Intel(R) Data Center GPU Max 1550, <undefined>
2024-07-17 18:09:07.566926: I external/xla/xla/service/service.cc:176]   StreamExecutor device (6): Intel(R) Data Center GPU Max 1550, <undefined>
2024-07-17 18:09:07.566930: I external/xla/xla/service/service.cc:176]   StreamExecutor device (7): Intel(R) Data Center GPU Max 1550, <undefined>
2024-07-17 18:09:07.566934: I external/xla/xla/service/service.cc:176]   StreamExecutor device (8): Intel(R) Data Center GPU Max 1550, <undefined>
2024-07-17 18:09:07.566938: I external/xla/xla/service/service.cc:176]   StreamExecutor device (9): Intel(R) Data Center GPU Max 1550, <undefined>
2024-07-17 18:09:07.566942: I external/xla/xla/service/service.cc:176]   StreamExecutor device (10): Intel(R) Data Center GPU Max 1550, <undefined>
2024-07-17 18:09:07.566946: I external/xla/xla/service/service.cc:176]   StreamExecutor device (11): Intel(R) Data Center GPU Max 1550, <undefined>
2024-07-17 18:09:07.568542: I itex/core/devices/gpu/itex_gpu_runtime.cc:130] Selected platform: Intel(R) Level-Zero
2024-07-17 18:09:07.583616: I external/intel_xla/xla/pjrt/se_xpu_pjrt_client.cc:97] Using BFC allocator.
2024-07-17 18:09:07.583658: I external/xla/xla/pjrt/gpu/gpu_helpers.cc:106] XLA backend allocating 61847529062 bytes on device 0 for BFCAllocator.
2024-07-17 18:09:07.585479: I external/xla/xla/pjrt/gpu/gpu_helpers.cc:106] XLA backend allocating 61847529062 bytes on device 1 for BFCAllocator.
2024-07-17 18:09:07.585514: I external/xla/xla/pjrt/gpu/gpu_helpers.cc:106] XLA backend allocating 61847529062 bytes on device 2 for BFCAllocator.
2024-07-17 18:09:07.585528: I external/xla/xla/pjrt/gpu/gpu_helpers.cc:106] XLA backend allocating 61847529062 bytes on device 3 for BFCAllocator.
2024-07-17 18:09:07.585539: I external/xla/xla/pjrt/gpu/gpu_helpers.cc:106] XLA backend allocating 61847529062 bytes on device 4 for BFCAllocator.
2024-07-17 18:09:07.585544: I external/xla/xla/pjrt/gpu/gpu_helpers.cc:106] XLA backend allocating 61847529062 bytes on device 5 for BFCAllocator.
2024-07-17 18:09:07.585551: I external/xla/xla/pjrt/gpu/gpu_helpers.cc:106] XLA backend allocating 61847529062 bytes on device 6 for BFCAllocator.
2024-07-17 18:09:07.585556: I external/xla/xla/pjrt/gpu/gpu_helpers.cc:106] XLA backend allocating 61847529062 bytes on device 7 for BFCAllocator.
2024-07-17 18:09:07.585562: I external/xla/xla/pjrt/gpu/gpu_helpers.cc:106] XLA backend allocating 61847529062 bytes on device 8 for BFCAllocator.
2024-07-17 18:09:07.585567: I external/xla/xla/pjrt/gpu/gpu_helpers.cc:106] XLA backend allocating 61847529062 bytes on device 9 for BFCAllocator.
2024-07-17 18:09:07.585574: I external/xla/xla/pjrt/gpu/gpu_helpers.cc:106] XLA backend allocating 61847529062 bytes on device 10 for BFCAllocator.
2024-07-17 18:09:07.585578: I external/xla/xla/pjrt/gpu/gpu_helpers.cc:106] XLA backend allocating 61847529062 bytes on device 11 for BFCAllocator.
2024-07-17 18:09:07.690853: I external/local_xla/xla/pjrt/pjrt_c_api_client.cc:119] PjRtCApiClient created.
/lus/gila/projects/candle_aesp_CNDA/avasan/envs/sst_2024/lib/python3.9/site-packages/numpy/core/fromnumeric.py:57: FutureWarning: 'Series.swapaxes' is deprecated and will be removed in a future version. Please use 'Series.transpose' instead.
  return bound(*args, **kwds)
2024-07-17 18:11:49.844173: I tensorflow/core/common_runtime/next_pluggable_device/next_pluggable_device_factory.cc:118] Created 1 TensorFlow NextPluggableDevices. Physical device type: XPU
WARNING:tensorflow:`epsilon` argument is deprecated and will be removed, use `min_delta` instead.
2024-07-17 18:11:55.891681: I tensorflow/core/grappler/optimizers/custom_graph_optimizer_registry.cc:117] Plugin optimizer for device_type XPU is enabled.
WARNING:tensorflow:Callback method `on_train_batch_end` is slow compared to the batch time (batch time: 0.0868s vs `on_train_batch_end` time: 0.0884s). Check your callbacks.
