2024-07-10 13:10:37.455899: I tensorflow/core/util/port.cc:113] oneDNN custom operations are on. You may see slightly different numerical results due to floating-point round-off errors from different computation orders. To turn them off, set the environment variable `TF_ENABLE_ONEDNN_OPTS=0`.
2024-07-10 13:10:37.455908: I tensorflow/core/util/port.cc:113] oneDNN custom operations are on. You may see slightly different numerical results due to floating-point round-off errors from different computation orders. To turn them off, set the environment variable `TF_ENABLE_ONEDNN_OPTS=0`.
2024-07-10 13:10:37.455905: I tensorflow/core/util/port.cc:113] oneDNN custom operations are on. You may see slightly different numerical results due to floating-point round-off errors from different computation orders. To turn them off, set the environment variable `TF_ENABLE_ONEDNN_OPTS=0`.
2024-07-10 13:10:37.455898: I tensorflow/core/util/port.cc:113] oneDNN custom operations are on. You may see slightly different numerical results due to floating-point round-off errors from different computation orders. To turn them off, set the environment variable `TF_ENABLE_ONEDNN_OPTS=0`.
2024-07-10 13:10:37.455905: I tensorflow/core/util/port.cc:113] oneDNN custom operations are on. You may see slightly different numerical results due to floating-point round-off errors from different computation orders. To turn them off, set the environment variable `TF_ENABLE_ONEDNN_OPTS=0`.
2024-07-10 13:10:37.457756: I tensorflow/core/util/port.cc:113] oneDNN custom operations are on. You may see slightly different numerical results due to floating-point round-off errors from different computation orders. To turn them off, set the environment variable `TF_ENABLE_ONEDNN_OPTS=0`.
2024-07-10 13:10:37.463198: I external/local_tsl/tsl/cuda/cudart_stub.cc:31] Could not find cuda drivers on your machine, GPU will not be used.
2024-07-10 13:10:37.463233: I external/local_tsl/tsl/cuda/cudart_stub.cc:31] Could not find cuda drivers on your machine, GPU will not be used.
2024-07-10 13:10:37.463240: I external/local_tsl/tsl/cuda/cudart_stub.cc:31] Could not find cuda drivers on your machine, GPU will not be used.
2024-07-10 13:10:37.463259: I external/local_tsl/tsl/cuda/cudart_stub.cc:31] Could not find cuda drivers on your machine, GPU will not be used.
2024-07-10 13:10:37.463266: I external/local_tsl/tsl/cuda/cudart_stub.cc:31] Could not find cuda drivers on your machine, GPU will not be used.
2024-07-10 13:10:37.463559: I external/local_tsl/tsl/cuda/cudart_stub.cc:31] Could not find cuda drivers on your machine, GPU will not be used.
2024-07-10 13:10:37.498608: E external/local_xla/xla/stream_executor/cuda/cuda_dnn.cc:9261] Unable to register cuDNN factory: Attempting to register factory for plugin cuDNN when one has already been registered
2024-07-10 13:10:37.498642: E external/local_xla/xla/stream_executor/cuda/cuda_fft.cc:607] Unable to register cuFFT factory: Attempting to register factory for plugin cuFFT when one has already been registered
2024-07-10 13:10:37.498623: E external/local_xla/xla/stream_executor/cuda/cuda_dnn.cc:9261] Unable to register cuDNN factory: Attempting to register factory for plugin cuDNN when one has already been registered
2024-07-10 13:10:37.498655: E external/local_xla/xla/stream_executor/cuda/cuda_fft.cc:607] Unable to register cuFFT factory: Attempting to register factory for plugin cuFFT when one has already been registered
2024-07-10 13:10:37.498627: E external/local_xla/xla/stream_executor/cuda/cuda_dnn.cc:9261] Unable to register cuDNN factory: Attempting to register factory for plugin cuDNN when one has already been registered
2024-07-10 13:10:37.498658: E external/local_xla/xla/stream_executor/cuda/cuda_fft.cc:607] Unable to register cuFFT factory: Attempting to register factory for plugin cuFFT when one has already been registered
2024-07-10 13:10:37.498621: E external/local_xla/xla/stream_executor/cuda/cuda_dnn.cc:9261] Unable to register cuDNN factory: Attempting to register factory for plugin cuDNN when one has already been registered
2024-07-10 13:10:37.498653: E external/local_xla/xla/stream_executor/cuda/cuda_fft.cc:607] Unable to register cuFFT factory: Attempting to register factory for plugin cuFFT when one has already been registered
2024-07-10 13:10:37.498614: E external/local_xla/xla/stream_executor/cuda/cuda_dnn.cc:9261] Unable to register cuDNN factory: Attempting to register factory for plugin cuDNN when one has already been registered
2024-07-10 13:10:37.498645: E external/local_xla/xla/stream_executor/cuda/cuda_fft.cc:607] Unable to register cuFFT factory: Attempting to register factory for plugin cuFFT when one has already been registered
2024-07-10 13:10:37.498630: E external/local_xla/xla/stream_executor/cuda/cuda_dnn.cc:9261] Unable to register cuDNN factory: Attempting to register factory for plugin cuDNN when one has already been registered
2024-07-10 13:10:37.498662: E external/local_xla/xla/stream_executor/cuda/cuda_fft.cc:607] Unable to register cuFFT factory: Attempting to register factory for plugin cuFFT when one has already been registered
2024-07-10 13:10:37.501160: E external/local_xla/xla/stream_executor/cuda/cuda_blas.cc:1515] Unable to register cuBLAS factory: Attempting to register factory for plugin cuBLAS when one has already been registered
2024-07-10 13:10:37.501166: E external/local_xla/xla/stream_executor/cuda/cuda_blas.cc:1515] Unable to register cuBLAS factory: Attempting to register factory for plugin cuBLAS when one has already been registered
2024-07-10 13:10:37.501176: E external/local_xla/xla/stream_executor/cuda/cuda_blas.cc:1515] Unable to register cuBLAS factory: Attempting to register factory for plugin cuBLAS when one has already been registered
2024-07-10 13:10:37.501166: E external/local_xla/xla/stream_executor/cuda/cuda_blas.cc:1515] Unable to register cuBLAS factory: Attempting to register factory for plugin cuBLAS when one has already been registered
2024-07-10 13:10:37.501175: E external/local_xla/xla/stream_executor/cuda/cuda_blas.cc:1515] Unable to register cuBLAS factory: Attempting to register factory for plugin cuBLAS when one has already been registered
2024-07-10 13:10:37.501171: E external/local_xla/xla/stream_executor/cuda/cuda_blas.cc:1515] Unable to register cuBLAS factory: Attempting to register factory for plugin cuBLAS when one has already been registered
2024-07-10 13:10:37.511824: I external/local_tsl/tsl/cuda/cudart_stub.cc:31] Could not find cuda drivers on your machine, GPU will not be used.
2024-07-10 13:10:37.511796: I external/local_tsl/tsl/cuda/cudart_stub.cc:31] Could not find cuda drivers on your machine, GPU will not be used.
2024-07-10 13:10:37.512062: I tensorflow/core/platform/cpu_feature_guard.cc:182] This TensorFlow binary is optimized to use available CPU instructions in performance-critical operations.
To enable the following instructions: AVX2 AVX512F AVX512_VNNI AVX512_BF16 AVX_VNNI AMX_TILE AMX_INT8 AMX_BF16 FMA, in other operations, rebuild TensorFlow with the appropriate compiler flags.
2024-07-10 13:10:37.511786: I external/local_tsl/tsl/cuda/cudart_stub.cc:31] Could not find cuda drivers on your machine, GPU will not be used.
2024-07-10 13:10:37.512052: I tensorflow/core/platform/cpu_feature_guard.cc:182] This TensorFlow binary is optimized to use available CPU instructions in performance-critical operations.
To enable the following instructions: AVX2 AVX512F AVX512_VNNI AVX512_BF16 AVX_VNNI AMX_TILE AMX_INT8 AMX_BF16 FMA, in other operations, rebuild TensorFlow with the appropriate compiler flags.
2024-07-10 13:10:37.511811: I external/local_tsl/tsl/cuda/cudart_stub.cc:31] Could not find cuda drivers on your machine, GPU will not be used.
2024-07-10 13:10:37.512056: I tensorflow/core/platform/cpu_feature_guard.cc:182] This TensorFlow binary is optimized to use available CPU instructions in performance-critical operations.
To enable the following instructions: AVX2 AVX512F AVX512_VNNI AVX512_BF16 AVX_VNNI AMX_TILE AMX_INT8 AMX_BF16 FMA, in other operations, rebuild TensorFlow with the appropriate compiler flags.
2024-07-10 13:10:37.511818: I external/local_tsl/tsl/cuda/cudart_stub.cc:31] Could not find cuda drivers on your machine, GPU will not be used.
2024-07-10 13:10:37.512076: I tensorflow/core/platform/cpu_feature_guard.cc:182] This TensorFlow binary is optimized to use available CPU instructions in performance-critical operations.
To enable the following instructions: AVX2 AVX512F AVX512_VNNI AVX512_BF16 AVX_VNNI AMX_TILE AMX_INT8 AMX_BF16 FMA, in other operations, rebuild TensorFlow with the appropriate compiler flags.
2024-07-10 13:10:37.511819: I external/local_tsl/tsl/cuda/cudart_stub.cc:31] Could not find cuda drivers on your machine, GPU will not be used.
2024-07-10 13:10:37.512069: I tensorflow/core/platform/cpu_feature_guard.cc:182] This TensorFlow binary is optimized to use available CPU instructions in performance-critical operations.
To enable the following instructions: AVX2 AVX512F AVX512_VNNI AVX512_BF16 AVX_VNNI AMX_TILE AMX_INT8 AMX_BF16 FMA, in other operations, rebuild TensorFlow with the appropriate compiler flags.
2024-07-10 13:10:37.512081: I tensorflow/core/platform/cpu_feature_guard.cc:182] This TensorFlow binary is optimized to use available CPU instructions in performance-critical operations.
To enable the following instructions: AVX2 AVX512F AVX512_VNNI AVX512_BF16 AVX_VNNI AMX_TILE AMX_INT8 AMX_BF16 FMA, in other operations, rebuild TensorFlow with the appropriate compiler flags.
2024-07-10 13:10:40.310385: W tensorflow/compiler/tf2tensorrt/utils/py_utils.cc:38] TF-TRT Warning: Could not find TensorRT
2024-07-10 13:10:40.311602: W tensorflow/compiler/tf2tensorrt/utils/py_utils.cc:38] TF-TRT Warning: Could not find TensorRT
2024-07-10 13:10:40.311661: W tensorflow/compiler/tf2tensorrt/utils/py_utils.cc:38] TF-TRT Warning: Could not find TensorRT
2024-07-10 13:10:40.311625: W tensorflow/compiler/tf2tensorrt/utils/py_utils.cc:38] TF-TRT Warning: Could not find TensorRT
2024-07-10 13:10:40.311645: W tensorflow/compiler/tf2tensorrt/utils/py_utils.cc:38] TF-TRT Warning: Could not find TensorRT
2024-07-10 13:10:40.312218: W tensorflow/compiler/tf2tensorrt/utils/py_utils.cc:38] TF-TRT Warning: Could not find TensorRT
2024-07-10 13:10:43.107446: W external/local_tsl/tsl/lib/monitoring/collection_registry.cc:81] Trying to register 2 metrics with the same name: /tensorflow/core/bfc_allocator_delay. The old value will be erased in order to register a new one. Please check if you link the metric more than once, or if the name is already used by other metrics.
2024-07-10 13:10:43.107722: W external/local_tsl/tsl/lib/monitoring/collection_registry.cc:81] Trying to register 2 metrics with the same name: /xla/service/gpu/compiled_programs_count. The old value will be erased in order to register a new one. Please check if you link the metric more than once, or if the name is already used by other metrics.
2024-07-10 13:10:43.109418: W external/local_tsl/tsl/lib/monitoring/collection_registry.cc:81] Trying to register 2 metrics with the same name: /jax/pjrt/pjrt_executable_executions. The old value will be erased in order to register a new one. Please check if you link the metric more than once, or if the name is already used by other metrics.
2024-07-10 13:10:43.109431: W external/local_tsl/tsl/lib/monitoring/collection_registry.cc:81] Trying to register 2 metrics with the same name: /jax/pjrt/pjrt_executable_execution_time_usecs. The old value will be erased in order to register a new one. Please check if you link the metric more than once, or if the name is already used by other metrics.
2024-07-10 13:10:43.111532: W external/local_tsl/tsl/lib/monitoring/collection_registry.cc:81] Trying to register 2 metrics with the same name: /tensorflow/core/bfc_allocator_delay. The old value will be erased in order to register a new one. Please check if you link the metric more than once, or if the name is already used by other metrics.
2024-07-10 13:10:43.111616: W external/local_tsl/tsl/lib/monitoring/collection_registry.cc:81] Trying to register 2 metrics with the same name: /tensorflow/core/bfc_allocator_delay. The old value will be erased in order to register a new one. Please check if you link the metric more than once, or if the name is already used by other metrics.
2024-07-10 13:10:43.111625: W external/local_tsl/tsl/lib/monitoring/collection_registry.cc:81] Trying to register 2 metrics with the same name: /tensorflow/core/bfc_allocator_delay. The old value will be erased in order to register a new one. Please check if you link the metric more than once, or if the name is already used by other metrics.
2024-07-10 13:10:43.111743: W external/local_tsl/tsl/lib/monitoring/collection_registry.cc:81] Trying to register 2 metrics with the same name: /xla/service/gpu/compiled_programs_count. The old value will be erased in order to register a new one. Please check if you link the metric more than once, or if the name is already used by other metrics.
2024-07-10 13:10:43.111833: W external/local_tsl/tsl/lib/monitoring/collection_registry.cc:81] Trying to register 2 metrics with the same name: /xla/service/gpu/compiled_programs_count. The old value will be erased in order to register a new one. Please check if you link the metric more than once, or if the name is already used by other metrics.
2024-07-10 13:10:43.111849: W external/local_tsl/tsl/lib/monitoring/collection_registry.cc:81] Trying to register 2 metrics with the same name: /xla/service/gpu/compiled_programs_count. The old value will be erased in order to register a new one. Please check if you link the metric more than once, or if the name is already used by other metrics.
2024-07-10 13:10:43.113302: W external/local_tsl/tsl/lib/monitoring/collection_registry.cc:81] Trying to register 2 metrics with the same name: /jax/pjrt/pjrt_executable_executions. The old value will be erased in order to register a new one. Please check if you link the metric more than once, or if the name is already used by other metrics.
2024-07-10 13:10:43.113318: W external/local_tsl/tsl/lib/monitoring/collection_registry.cc:81] Trying to register 2 metrics with the same name: /jax/pjrt/pjrt_executable_execution_time_usecs. The old value will be erased in order to register a new one. Please check if you link the metric more than once, or if the name is already used by other metrics.
2024-07-10 13:10:43.113331: W external/local_tsl/tsl/lib/monitoring/collection_registry.cc:81] Trying to register 2 metrics with the same name: /jax/pjrt/pjrt_executable_executions. The old value will be erased in order to register a new one. Please check if you link the metric more than once, or if the name is already used by other metrics.
2024-07-10 13:10:43.113347: W external/local_tsl/tsl/lib/monitoring/collection_registry.cc:81] Trying to register 2 metrics with the same name: /jax/pjrt/pjrt_executable_execution_time_usecs. The old value will be erased in order to register a new one. Please check if you link the metric more than once, or if the name is already used by other metrics.
2024-07-10 13:10:43.113348: W external/local_tsl/tsl/lib/monitoring/collection_registry.cc:81] Trying to register 2 metrics with the same name: /jax/pjrt/pjrt_executable_executions. The old value will be erased in order to register a new one. Please check if you link the metric more than once, or if the name is already used by other metrics.
2024-07-10 13:10:43.113361: W external/local_tsl/tsl/lib/monitoring/collection_registry.cc:81] Trying to register 2 metrics with the same name: /jax/pjrt/pjrt_executable_execution_time_usecs. The old value will be erased in order to register a new one. Please check if you link the metric more than once, or if the name is already used by other metrics.
2024-07-10 13:10:43.115402: W external/local_tsl/tsl/lib/monitoring/collection_registry.cc:81] Trying to register 2 metrics with the same name: /tensorflow/core/bfc_allocator_delay. The old value will be erased in order to register a new one. Please check if you link the metric more than once, or if the name is already used by other metrics.
2024-07-10 13:10:43.115578: W external/local_tsl/tsl/lib/monitoring/collection_registry.cc:81] Trying to register 2 metrics with the same name: /xla/service/gpu/compiled_programs_count. The old value will be erased in order to register a new one. Please check if you link the metric more than once, or if the name is already used by other metrics.
2024-07-10 13:10:43.116620: W external/local_tsl/tsl/lib/monitoring/collection_registry.cc:81] Trying to register 2 metrics with the same name: /tensorflow/core/bfc_allocator_delay. The old value will be erased in order to register a new one. Please check if you link the metric more than once, or if the name is already used by other metrics.
2024-07-10 13:10:43.116662: W external/local_tsl/tsl/lib/monitoring/collection_registry.cc:81] Trying to register 2 metrics with the same name: /jax/pjrt/pjrt_executable_executions. The old value will be erased in order to register a new one. Please check if you link the metric more than once, or if the name is already used by other metrics.
2024-07-10 13:10:43.116674: W external/local_tsl/tsl/lib/monitoring/collection_registry.cc:81] Trying to register 2 metrics with the same name: /jax/pjrt/pjrt_executable_execution_time_usecs. The old value will be erased in order to register a new one. Please check if you link the metric more than once, or if the name is already used by other metrics.
2024-07-10 13:10:43.116811: W external/local_tsl/tsl/lib/monitoring/collection_registry.cc:81] Trying to register 2 metrics with the same name: /xla/service/gpu/compiled_programs_count. The old value will be erased in order to register a new one. Please check if you link the metric more than once, or if the name is already used by other metrics.
2024-07-10 13:10:43.117957: W external/local_tsl/tsl/lib/monitoring/collection_registry.cc:81] Trying to register 2 metrics with the same name: /jax/pjrt/pjrt_executable_executions. The old value will be erased in order to register a new one. Please check if you link the metric more than once, or if the name is already used by other metrics.
2024-07-10 13:10:43.117968: W external/local_tsl/tsl/lib/monitoring/collection_registry.cc:81] Trying to register 2 metrics with the same name: /jax/pjrt/pjrt_executable_execution_time_usecs. The old value will be erased in order to register a new one. Please check if you link the metric more than once, or if the name is already used by other metrics.
2024-07-10 13:10:43.310029: I itex/core/wrapper/itex_gpu_wrapper.cc:38] Intel Extension for Tensorflow* GPU backend is loaded.
2024-07-10 13:10:43.310527: I external/local_xla/xla/pjrt/pjrt_api.cc:67] PJRT_Api is set for device type xpu
2024-07-10 13:10:43.310540: I external/local_xla/xla/pjrt/pjrt_api.cc:72] PJRT plugin for XPU has PJRT API version 0.33. The framework PJRT API version is 0.34.
2024-07-10 13:10:43.311440: I itex/core/wrapper/itex_gpu_wrapper.cc:38] Intel Extension for Tensorflow* GPU backend is loaded.
2024-07-10 13:10:43.311808: I itex/core/wrapper/itex_gpu_wrapper.cc:38] Intel Extension for Tensorflow* GPU backend is loaded.
2024-07-10 13:10:43.311860: I itex/core/wrapper/itex_gpu_wrapper.cc:38] Intel Extension for Tensorflow* GPU backend is loaded.
2024-07-10 13:10:43.311888: I external/local_xla/xla/pjrt/pjrt_api.cc:67] PJRT_Api is set for device type xpu
2024-07-10 13:10:43.311905: I external/local_xla/xla/pjrt/pjrt_api.cc:72] PJRT plugin for XPU has PJRT API version 0.33. The framework PJRT API version is 0.34.
2024-07-10 13:10:43.312201: I external/local_xla/xla/pjrt/pjrt_api.cc:67] PJRT_Api is set for device type xpu
2024-07-10 13:10:43.312216: I external/local_xla/xla/pjrt/pjrt_api.cc:72] PJRT plugin for XPU has PJRT API version 0.33. The framework PJRT API version is 0.34.
2024-07-10 13:10:43.312258: I external/local_xla/xla/pjrt/pjrt_api.cc:67] PJRT_Api is set for device type xpu
2024-07-10 13:10:43.312271: I external/local_xla/xla/pjrt/pjrt_api.cc:72] PJRT plugin for XPU has PJRT API version 0.33. The framework PJRT API version is 0.34.
2024-07-10 13:10:43.317903: I itex/core/wrapper/itex_gpu_wrapper.cc:38] Intel Extension for Tensorflow* GPU backend is loaded.
2024-07-10 13:10:43.318308: I external/local_xla/xla/pjrt/pjrt_api.cc:67] PJRT_Api is set for device type xpu
2024-07-10 13:10:43.318322: I external/local_xla/xla/pjrt/pjrt_api.cc:72] PJRT plugin for XPU has PJRT API version 0.33. The framework PJRT API version is 0.34.
2024-07-10 13:10:43.329348: I itex/core/wrapper/itex_gpu_wrapper.cc:38] Intel Extension for Tensorflow* GPU backend is loaded.
2024-07-10 13:10:43.329754: I external/local_xla/xla/pjrt/pjrt_api.cc:67] PJRT_Api is set for device type xpu
2024-07-10 13:10:43.329767: I external/local_xla/xla/pjrt/pjrt_api.cc:72] PJRT plugin for XPU has PJRT API version 0.33. The framework PJRT API version is 0.34.
2024-07-10 13:10:43.332995: I external/intel_xla/xla/stream_executor/sycl/sycl_gpu_runtime.cc:134] Selected platform: Intel(R) Level-Zero
2024-07-10 13:10:43.333336: I external/intel_xla/xla/stream_executor/sycl/sycl_gpu_runtime.cc:159] number of sub-devices is zero, expose root device.
2024-07-10 13:10:43.333697: I external/intel_xla/xla/stream_executor/sycl/sycl_gpu_runtime.cc:134] Selected platform: Intel(R) Level-Zero
2024-07-10 13:10:43.333773: I external/intel_xla/xla/stream_executor/sycl/sycl_gpu_runtime.cc:134] Selected platform: Intel(R) Level-Zero
2024-07-10 13:10:43.333840: I external/intel_xla/xla/stream_executor/sycl/sycl_gpu_runtime.cc:134] Selected platform: Intel(R) Level-Zero
2024-07-10 13:10:43.334017: I external/intel_xla/xla/stream_executor/sycl/sycl_gpu_runtime.cc:159] number of sub-devices is zero, expose root device.
2024-07-10 13:10:43.334129: I external/intel_xla/xla/stream_executor/sycl/sycl_gpu_runtime.cc:159] number of sub-devices is zero, expose root device.
2024-07-10 13:10:43.334124: I external/xla/xla/service/service.cc:168] XLA service 0x55766277e980 initialized for platform SYCL (this does not guarantee that XLA will be used). Devices:
2024-07-10 13:10:43.334137: I external/xla/xla/service/service.cc:176]   StreamExecutor device (0): Intel(R) Data Center GPU Max 1550, <undefined>
2024-07-10 13:10:43.334166: I external/intel_xla/xla/stream_executor/sycl/sycl_gpu_runtime.cc:159] number of sub-devices is zero, expose root device.
2024-07-10 13:10:43.334512: I itex/core/devices/gpu/itex_gpu_runtime.cc:130] Selected platform: Intel(R) Level-Zero
2024-07-10 13:10:43.334761: I external/xla/xla/service/service.cc:168] XLA service 0x560720a36980 initialized for platform SYCL (this does not guarantee that XLA will be used). Devices:
2024-07-10 13:10:43.334774: I external/xla/xla/service/service.cc:176]   StreamExecutor device (0): Intel(R) Data Center GPU Max 1550, <undefined>
2024-07-10 13:10:43.334806: I itex/core/devices/gpu/itex_gpu_runtime.cc:155] number of sub-devices is zero, expose root device.
2024-07-10 13:10:43.334833: I external/xla/xla/service/service.cc:168] XLA service 0x558b0b853a30 initialized for platform SYCL (this does not guarantee that XLA will be used). Devices:
2024-07-10 13:10:43.334850: I external/xla/xla/service/service.cc:176]   StreamExecutor device (0): Intel(R) Data Center GPU Max 1550, <undefined>
2024-07-10 13:10:43.334868: I external/xla/xla/service/service.cc:168] XLA service 0x556b68b6f970 initialized for platform SYCL (this does not guarantee that XLA will be used). Devices:
2024-07-10 13:10:43.334879: I external/xla/xla/service/service.cc:176]   StreamExecutor device (0): Intel(R) Data Center GPU Max 1550, <undefined>
2024-07-10 13:10:43.335132: I itex/core/devices/gpu/itex_gpu_runtime.cc:130] Selected platform: Intel(R) Level-Zero
2024-07-10 13:10:43.335235: I itex/core/devices/gpu/itex_gpu_runtime.cc:130] Selected platform: Intel(R) Level-Zero
2024-07-10 13:10:43.335229: I external/intel_xla/xla/pjrt/se_xpu_pjrt_client.cc:97] Using BFC allocator.
2024-07-10 13:10:43.335253: I external/xla/xla/pjrt/gpu/gpu_helpers.cc:106] XLA backend allocating 61847529062 bytes on device 0 for BFCAllocator.
2024-07-10 13:10:43.335247: I itex/core/devices/gpu/itex_gpu_runtime.cc:130] Selected platform: Intel(R) Level-Zero
2024-07-10 13:10:43.335396: I external/local_xla/xla/pjrt/pjrt_c_api_client.cc:119] PjRtCApiClient created.
2024-07-10 13:10:43.335422: I itex/core/devices/gpu/itex_gpu_runtime.cc:155] number of sub-devices is zero, expose root device.
2024-07-10 13:10:43.335537: I itex/core/devices/gpu/itex_gpu_runtime.cc:155] number of sub-devices is zero, expose root device.
2024-07-10 13:10:43.335581: I itex/core/devices/gpu/itex_gpu_runtime.cc:155] number of sub-devices is zero, expose root device.
2024-07-10 13:10:43.335775: I external/intel_xla/xla/pjrt/se_xpu_pjrt_client.cc:97] Using BFC allocator.
2024-07-10 13:10:43.335790: I external/xla/xla/pjrt/gpu/gpu_helpers.cc:106] XLA backend allocating 61847529062 bytes on device 0 for BFCAllocator.
2024-07-10 13:10:43.335870: I external/intel_xla/xla/pjrt/se_xpu_pjrt_client.cc:97] Using BFC allocator.
2024-07-10 13:10:43.335884: I external/xla/xla/pjrt/gpu/gpu_helpers.cc:106] XLA backend allocating 61847529062 bytes on device 0 for BFCAllocator.
2024-07-10 13:10:43.335920: I external/local_xla/xla/pjrt/pjrt_c_api_client.cc:119] PjRtCApiClient created.
2024-07-10 13:10:43.335968: I external/intel_xla/xla/pjrt/se_xpu_pjrt_client.cc:97] Using BFC allocator.
2024-07-10 13:10:43.335986: I external/xla/xla/pjrt/gpu/gpu_helpers.cc:106] XLA backend allocating 61847529062 bytes on device 0 for BFCAllocator.
2024-07-10 13:10:43.336021: I external/local_xla/xla/pjrt/pjrt_c_api_client.cc:119] PjRtCApiClient created.
2024-07-10 13:10:43.336126: I external/local_xla/xla/pjrt/pjrt_c_api_client.cc:119] PjRtCApiClient created.
2024-07-10 13:10:43.339386: I external/intel_xla/xla/stream_executor/sycl/sycl_gpu_runtime.cc:134] Selected platform: Intel(R) Level-Zero
2024-07-10 13:10:43.339722: I external/intel_xla/xla/stream_executor/sycl/sycl_gpu_runtime.cc:159] number of sub-devices is zero, expose root device.
2024-07-10 13:10:43.340388: I external/xla/xla/service/service.cc:168] XLA service 0x56500e5f8d20 initialized for platform SYCL (this does not guarantee that XLA will be used). Devices:
2024-07-10 13:10:43.340402: I external/xla/xla/service/service.cc:176]   StreamExecutor device (0): Intel(R) Data Center GPU Max 1550, <undefined>
2024-07-10 13:10:43.340765: I itex/core/devices/gpu/itex_gpu_runtime.cc:130] Selected platform: Intel(R) Level-Zero
2024-07-10 13:10:43.341060: I itex/core/devices/gpu/itex_gpu_runtime.cc:155] number of sub-devices is zero, expose root device.
2024-07-10 13:10:43.341361: I external/intel_xla/xla/pjrt/se_xpu_pjrt_client.cc:97] Using BFC allocator.
2024-07-10 13:10:43.341375: I external/xla/xla/pjrt/gpu/gpu_helpers.cc:106] XLA backend allocating 61847529062 bytes on device 0 for BFCAllocator.
2024-07-10 13:10:43.341492: I external/local_xla/xla/pjrt/pjrt_c_api_client.cc:119] PjRtCApiClient created.
2024-07-10 13:10:43.349911: I external/intel_xla/xla/stream_executor/sycl/sycl_gpu_runtime.cc:134] Selected platform: Intel(R) Level-Zero
2024-07-10 13:10:43.350233: I external/intel_xla/xla/stream_executor/sycl/sycl_gpu_runtime.cc:159] number of sub-devices is zero, expose root device.
2024-07-10 13:10:43.350956: I external/xla/xla/service/service.cc:168] XLA service 0x55f3c2386a50 initialized for platform SYCL (this does not guarantee that XLA will be used). Devices:
2024-07-10 13:10:43.350968: I external/xla/xla/service/service.cc:176]   StreamExecutor device (0): Intel(R) Data Center GPU Max 1550, <undefined>
2024-07-10 13:10:43.351331: I itex/core/devices/gpu/itex_gpu_runtime.cc:130] Selected platform: Intel(R) Level-Zero
2024-07-10 13:10:43.351630: I itex/core/devices/gpu/itex_gpu_runtime.cc:155] number of sub-devices is zero, expose root device.
2024-07-10 13:10:43.352425: I external/intel_xla/xla/pjrt/se_xpu_pjrt_client.cc:97] Using BFC allocator.
2024-07-10 13:10:43.352450: I external/xla/xla/pjrt/gpu/gpu_helpers.cc:106] XLA backend allocating 61847529062 bytes on device 0 for BFCAllocator.
2024-07-10 13:10:43.352582: I external/local_xla/xla/pjrt/pjrt_c_api_client.cc:119] PjRtCApiClient created.
2024-07-10 13:13:30.426461: I tensorflow/core/common_runtime/next_pluggable_device/next_pluggable_device_factory.cc:118] Created 1 TensorFlow NextPluggableDevices. Physical device type: XPU
2024-07-10 13:13:30.760118: I tensorflow/core/common_runtime/next_pluggable_device/next_pluggable_device_factory.cc:118] Created 1 TensorFlow NextPluggableDevices. Physical device type: XPU
2024-07-10 13:13:30.977048: I tensorflow/core/common_runtime/next_pluggable_device/next_pluggable_device_factory.cc:118] Created 1 TensorFlow NextPluggableDevices. Physical device type: XPU
2024-07-10 13:13:30.995653: I tensorflow/core/common_runtime/next_pluggable_device/next_pluggable_device_factory.cc:118] Created 1 TensorFlow NextPluggableDevices. Physical device type: XPU
2024-07-10 13:13:31.461575: I tensorflow/core/common_runtime/next_pluggable_device/next_pluggable_device_factory.cc:118] Created 1 TensorFlow NextPluggableDevices. Physical device type: XPU
WARNING:tensorflow:`epsilon` argument is deprecated and will be removed, use `min_delta` instead.
WARNING:tensorflow:`epsilon` argument is deprecated and will be removed, use `min_delta` instead.
WARNING:tensorflow:`epsilon` argument is deprecated and will be removed, use `min_delta` instead.
WARNING:tensorflow:`epsilon` argument is deprecated and will be removed, use `min_delta` instead.
WARNING:tensorflow:`epsilon` argument is deprecated and will be removed, use `min_delta` instead.
2024-07-10 13:13:35.295076: I tensorflow/core/common_runtime/next_pluggable_device/next_pluggable_device_factory.cc:118] Created 1 TensorFlow NextPluggableDevices. Physical device type: XPU
WARNING:tensorflow:`epsilon` argument is deprecated and will be removed, use `min_delta` instead.
2024-07-10 13:13:38.957472: I tensorflow/core/grappler/optimizers/custom_graph_optimizer_registry.cc:117] Plugin optimizer for device_type XPU is enabled.
2024-07-10 13:13:39.221948: I tensorflow/core/grappler/optimizers/custom_graph_optimizer_registry.cc:117] Plugin optimizer for device_type XPU is enabled.
2024-07-10 13:13:39.418113: I tensorflow/core/grappler/optimizers/custom_graph_optimizer_registry.cc:117] Plugin optimizer for device_type XPU is enabled.
2024-07-10 13:13:39.554712: I tensorflow/core/grappler/optimizers/custom_graph_optimizer_registry.cc:117] Plugin optimizer for device_type XPU is enabled.
2024-07-10 13:13:39.893403: I tensorflow/core/grappler/optimizers/custom_graph_optimizer_registry.cc:117] Plugin optimizer for device_type XPU is enabled.
2024-07-10 13:13:43.904652: I tensorflow/core/grappler/optimizers/custom_graph_optimizer_registry.cc:117] Plugin optimizer for device_type XPU is enabled.
x1921c3s3b0n0: rank -1 died from signal 9
